[debug] [2022-09-03T19:18:23.819Z] ----------------------------------------------------------------------
[debug] [2022-09-03T19:18:23.821Z] Command:       C:\Program Files\nodejs\node.exe C:\Users\Devan\AppData\Roaming\npm\node_modules\firebase-tools\lib\bin\firebase.js emulators:start
[debug] [2022-09-03T19:18:23.821Z] CLI Version:   11.6.0
[debug] [2022-09-03T19:18:23.822Z] Platform:      win32
[debug] [2022-09-03T19:18:23.822Z] Node Version:  v16.16.0
[debug] [2022-09-03T19:18:23.826Z] Time:          Sat Sep 03 2022 14:18:23 GMT-0500 (Central Daylight Time)
[debug] [2022-09-03T19:18:23.826Z] ----------------------------------------------------------------------
[debug] 
[debug] [2022-09-03T19:18:23.830Z] >>> [apiv2][query] GET https://firebase-public.firebaseio.com/cli.json [none]
[debug] [2022-09-03T19:18:23.908Z] > command requires scopes: ["email","openid","https://www.googleapis.com/auth/cloudplatformprojects.readonly","https://www.googleapis.com/auth/firebase","https://www.googleapis.com/auth/cloud-platform"]
[debug] [2022-09-03T19:18:23.909Z] > authorizing via signed-in user (devanshusenp@gmail.com)
[info] i  emulators: Starting emulators: functions {"metadata":{"emulator":{"name":"hub"},"message":"Starting emulators: functions"}}
[debug] [2022-09-03T19:18:23.940Z] [hub] writing locator at C:\Users\Devan\AppData\Local\Temp\hub-by8-318322.json
[warn] !  functions: The following emulators are not running, calls to these services from the Functions emulator will affect production: auth, firestore, database, hosting, pubsub, storage, eventarc {"metadata":{"emulator":{"name":"functions"},"message":"The following emulators are not running, calls to these services from the Functions emulator will affect production: \u001b[1mauth, firestore, database, hosting, pubsub, storage, eventarc\u001b[22m"}}
[warn] !  Your requested "node" version "14" doesn't match your global version "16". Using node@16 from host. {"metadata":{"emulator":{"name":"functions"},"message":"Your requested \"node\" version \"14\" doesn't match your global version \"16\". Using node@16 from host."}}
[debug] [2022-09-03T19:18:24.021Z] defaultcredentials: writing to file C:\Users\Devan\AppData\Roaming\firebase\devanshusenp_gmail_com_application_default_credentials.json
[debug] [2022-09-03T19:18:24.030Z] Setting GAC to C:\Users\Devan\AppData\Roaming\firebase\devanshusenp_gmail_com_application_default_credentials.json {"metadata":{"emulator":{"name":"functions"},"message":"Setting GAC to C:\\Users\\Devan\\AppData\\Roaming\\firebase\\devanshusenp_gmail_com_application_default_credentials.json"}}
[debug] [2022-09-03T19:18:24.031Z] > refreshing access token with scopes: []
[debug] [2022-09-03T19:18:24.032Z] >>> [apiv2][query] POST https://www.googleapis.com/oauth2/v3/token [none]
[debug] [2022-09-03T19:18:24.032Z] >>> [apiv2][body] POST https://www.googleapis.com/oauth2/v3/token [omitted]
[debug] [2022-09-03T19:18:24.066Z] <<< [apiv2][status] GET https://firebase-public.firebaseio.com/cli.json 200
[debug] [2022-09-03T19:18:24.066Z] <<< [apiv2][body] GET https://firebase-public.firebaseio.com/cli.json {"cloudBuildErrorAfter":1594252800000,"cloudBuildWarnAfter":1590019200000,"defaultNode10After":1594252800000,"minVersion":"3.0.5","node8DeploysDisabledAfter":1613390400000,"node8RuntimeDisabledAfter":1615809600000,"node8WarnAfter":1600128000000}
[debug] [2022-09-03T19:18:24.168Z] <<< [apiv2][status] POST https://www.googleapis.com/oauth2/v3/token 200
[debug] [2022-09-03T19:18:24.168Z] <<< [apiv2][body] POST https://www.googleapis.com/oauth2/v3/token [omitted]
[debug] [2022-09-03T19:18:24.178Z] >>> [apiv2][query] GET https://firebase.googleapis.com/v1beta1/projects/by8-318322/adminSdkConfig [none]
[debug] [2022-09-03T19:18:24.493Z] <<< [apiv2][status] GET https://firebase.googleapis.com/v1beta1/projects/by8-318322/adminSdkConfig 200
[debug] [2022-09-03T19:18:24.493Z] <<< [apiv2][body] GET https://firebase.googleapis.com/v1beta1/projects/by8-318322/adminSdkConfig {"projectId":"by8-318322","databaseURL":"https://by8-318322-default-rtdb.firebaseio.com","storageBucket":"by8-318322.appspot.com","locationId":"us-central"}
[debug] [2022-09-03T19:18:24.523Z] Ignoring unsupported arg: auto_download {"metadata":{"emulator":{"name":"ui"},"message":"Ignoring unsupported arg: auto_download"}}
[debug] [2022-09-03T19:18:24.524Z] Ignoring unsupported arg: port {"metadata":{"emulator":{"name":"ui"},"message":"Ignoring unsupported arg: port"}}
[debug] [2022-09-03T19:18:24.524Z] Starting Emulator UI with command {"binary":"node","args":["C:\\Users\\Devan\\.cache\\firebase\\emulators\\ui-v1.9.0\\server\\server.js"],"optionalArgs":[],"joinArgs":false} {"metadata":{"emulator":{"name":"ui"},"message":"Starting Emulator UI with command {\"binary\":\"node\",\"args\":[\"C:\\\\Users\\\\Devan\\\\.cache\\\\firebase\\\\emulators\\\\ui-v1.9.0\\\\server\\\\server.js\"],\"optionalArgs\":[],\"joinArgs\":false}"}}
[info] i  ui: Emulator UI logging to ui-debug.log {"metadata":{"emulator":{"name":"ui"},"message":"Emulator UI logging to \u001b[1mui-debug.log\u001b[22m"}}
[debug] [2022-09-03T19:18:24.682Z] Web / API server started at localhost:4000
 {"metadata":{"emulator":{"name":"ui"},"message":"Web / API server started at localhost:4000\n"}}
[info] i  functions: Watching "C:\Users\Devan\Documents\Code\8by8\personal-development\functions" for Cloud Functions... {"metadata":{"emulator":{"name":"functions"},"message":"Watching \"C:\\Users\\Devan\\Documents\\Code\\8by8\\personal-development\\functions\" for Cloud Functions..."}}
[debug] [2022-09-03T19:18:24.800Z] Validating nodejs source
[warn] !  functions: package.json indicates an outdated version of firebase-functions. Please upgrade using npm install --save firebase-functions@latest in your functions directory. 
[debug] [2022-09-03T19:18:27.709Z] > [functions] package.json contents: {
  "name": "functions",
  "description": "Cloud Functions for Firebase",
  "scripts": {
    "lint": "eslint .",
    "serve": "firebase emulators:start --only functions",
    "shell": "firebase functions:shell",
    "start": "npm run shell",
    "deploy": "firebase deploy --only functions",
    "logs": "firebase functions:log"
  },
  "engines": {
    "node": "14"
  },
  "main": "index.js",
  "dependencies": {
    "firebase-admin": "^9.8.0",
    "firebase-functions": "^3.14.1",
    "form-data": "^4.0.0",
    "node-fetch": "^2.6.6"
  },
  "devDependencies": {
    "eslint": "^7.6.0",
    "eslint-config-google": "^0.14.0",
    "firebase-functions-test": "^0.2.0"
  },
  "private": true
}
[debug] [2022-09-03T19:18:27.709Z] Building nodejs source
[debug] [2022-09-03T19:18:27.709Z] Analyzing nodejs backend spec
[warn] !  functions: You are using an old version of firebase-functions SDK (3.15.3). Please update firebase-functions SDK to >=3.20.0 
[info] +  functions: Loaded functions definitions from source: onSignup, sendVerification, resendVerification, sendSignin. {"metadata":{"emulator":{"name":"functions"},"message":"Loaded functions definitions from source: onSignup, sendVerification, resendVerification, sendSignin."}}
[debug] [2022-09-03T19:18:27.997Z] addAuthTrigger {"eventTrigger":{"eventType":"providers/firebase.auth/eventTypes/user.create","resource":"projects/by8-318322"}}
[info] +  functions[us-central1-onSignup]: auth function initialized. {"metadata":{"emulator":{"name":"functions"},"message":"\u001b[1mauth\u001b[22m function initialized."}}
[debug] [2022-09-03T19:18:27.998Z] addAuthTrigger {"eventTrigger":{"eventType":"providers/firebase.auth/eventTypes/user.create","resource":"projects/by8-318322"}}
[info] +  functions[us-central1-sendVerification]: auth function initialized. {"metadata":{"emulator":{"name":"functions"},"message":"\u001b[1mauth\u001b[22m function initialized."}}
[info] +  functions[us-central1-resendVerification]: http function initialized (http://localhost:5001/by8-318322/us-central1/resendVerification). {"metadata":{"emulator":{"name":"functions"},"message":"\u001b[1mhttp\u001b[22m function initialized (http://localhost:5001/by8-318322/us-central1/resendVerification)."}}
[info] +  functions[us-central1-sendSignin]: http function initialized (http://localhost:5001/by8-318322/us-central1/sendSignin). {"metadata":{"emulator":{"name":"functions"},"message":"\u001b[1mhttp\u001b[22m function initialized (http://localhost:5001/by8-318322/us-central1/sendSignin)."}}
[info] 
┌─────────────────────────────────────────────────────────────┐
│ ✔  All emulators ready! It is now safe to connect your app. │
│ i  View Emulator UI at http://localhost:4000                │
└─────────────────────────────────────────────────────────────┘

┌───────────┬────────────────┬─────────────────────────────────┐
│ Emulator  │ Host:Port      │ View in Emulator UI             │
├───────────┼────────────────┼─────────────────────────────────┤
│ Functions │ localhost:5001 │ http://localhost:4000/functions │
├───────────┼────────────────┼─────────────────────────────────┤
│ Eventarc  │ localhost:9299 │ n/a                             │
└───────────┴────────────────┴─────────────────────────────────┘
  Emulator Hub running at localhost:4400
  Other reserved ports: 4500

Issues? Report them at https://github.com/firebase/firebase-tools/issues and attach the *-debug.log files.
 
